"C:\Program Files\JetBrains\CLion 2020.3.2\bin\cmake\win\bin\cmake.exe" -DCMAKE_BUILD_TYPE=Debug -G "CodeBlocks - NMake Makefiles" C:\Users\Semih\CLionProjects\196112003_Semih_Sevim_Davranışsal\CompositePattern
-- The C compiler identification is MSVC 19.28.29336.0
-- The CXX compiler identification is MSVC 19.28.29336.0
-- Check for working C compiler: C:/Program Files (x86)/Microsoft Visual Studio/2019/Community/VC/Tools/MSVC/14.28.29333/bin/Hostx86/x86/cl.exe
-- Check for working C compiler: C:/Program Files (x86)/Microsoft Visual Studio/2019/Community/VC/Tools/MSVC/14.28.29333/bin/Hostx86/x86/cl.exe - broken
CMake Error at C:/Program Files/JetBrains/CLion 2020.3.2/bin/cmake/win/share/cmake-3.17/Modules/CMakeTestCCompiler.cmake:60 (message):
  The C compiler

    "C:/Program Files (x86)/Microsoft Visual Studio/2019/Community/VC/Tools/MSVC/14.28.29333/bin/Hostx86/x86/cl.exe"

  is not able to compile a simple test program.

  It fails with the following output:

    Change Dir: C:/Users/Semih/CLionProjects/196112003_Semih_Sevim_DavranÄ±ÅŸsal/CompositePattern/cmake-build-debug/CMakeFiles/CMakeTmp
    
    Run Build Command(s):nmake /nologo cmTC_33ac1\fast && 	"C:\Program Files (x86)\Microsoft Visual Studio\2019\Community\VC\Tools\MSVC\14.28.29333\bin\HostX86\x86\nmake.exe"  -f CMakeFiles\cmTC_33ac1.dir\build.make /nologo -L                  CMakeFiles\cmTC_33ac1.dir\build
    Building C object CMakeFiles/cmTC_33ac1.dir/testCCompiler.c.obj
    	C:\PROGRA~2\MIB055~1\2019\COMMUN~1\VC\Tools\MSVC\1428~1.293\bin\Hostx86\x86\cl.exe @C:\Users\Semih\AppData\Local\Temp\nm5E3B.tmp
    testCCompiler.c
    Linking C executable cmTC_33ac1.exe
    	"C:\Program Files\JetBrains\CLion 2020.3.2\bin\cmake\win\bin\cmake.exe" -E vs_link_exe --intdir=CMakeFiles\cmTC_33ac1.dir --rc=C:\PROGRA~2\WI3CF2~1\10\bin\100183~1.0\x86\rc.exe --mt=C:\PROGRA~2\WI3CF2~1\10\bin\100183~1.0\x86\mt.exe --manifests  -- C:\PROGRA~2\MIB055~1\2019\COMMUN~1\VC\Tools\MSVC\1428~1.293\bin\Hostx86\x86\link.exe /nologo @CMakeFiles\cmTC_33ac1.dir\objects1.rsp @C:\Users\Semih\AppData\Local\Temp\nm5EB9.tmp
    LINK Pass 1: command "C:\PROGRA~2\MIB055~1\2019\COMMUN~1\VC\Tools\MSVC\1428~1.293\bin\Hostx86\x86\link.exe /nologo @CMakeFiles\cmTC_33ac1.dir\objects1.rsp /out:cmTC_33ac1.exe /implib:cmTC_33ac1.lib /pdb:C:\Users\Semih\CLionProjects\196112003_Semih_Sevim_Davran??sal\CompositePattern\cmake-build-debug\CMakeFiles\CMakeTmp\cmTC_33ac1.pdb /version:0.0 /machine:X86 /debug /INCREMENTAL /subsystem:console kernel32.lib user32.lib gdi32.lib winspool.lib shell32.lib ole32.lib oleaut32.lib uuid.lib comdlg32.lib advapi32.lib /MANIFEST /MANIFESTFILE:CMakeFiles\cmTC_33ac1.dir/intermediate.manifest CMakeFiles\cmTC_33ac1.dir/manifest.res" failed (exit code 1201) with the following output:
    LINK : fatal error LNK1201: 'C:\Users\Semih\CLionProjects\196112003_Semih_Sevim_Davran??sal\CompositePattern\cmake-build-debug\CMakeFiles\CMakeTmp\cmTC_33ac1.pdb' program veritabanÄ±na yazÄ±lÄ±rken hata; yetersiz disk alanÄ±, geÃ§ersiz yok veya yetersiz ayrÄ±calÄ±k denetimi yapÄ±n
    NMAKE : fatal error U1077: '"C:\Program Files\JetBrains\CLion 2020.3.2\bin\cmake\win\bin\cmake.exe"' : DÃ·nÂ³â–  kodu '0xffffffff'
    Stop.
    NMAKE : fatal error U1077: '"C:\Program Files (x86)\Microsoft Visual Studio\2019\Community\VC\Tools\MSVC\14.28.29333\bin\HostX86\x86\nmake.exe"' : DÃ·nÂ³â–  kodu '0x2'
    Stop.
    
    

  

  CMake will not be able to correctly generate this project.
Call Stack (most recent call first):
  CMakeLists.txt:2 (project)


-- Configuring incomplete, errors occurred!
See also "C:/Users/Semih/CLionProjects/196112003_Semih_Sevim_DavranÄ±ÅŸsal/CompositePattern/cmake-build-debug/CMakeFiles/CMakeOutput.log".
See also "C:/Users/Semih/CLionProjects/196112003_Semih_Sevim_DavranÄ±ÅŸsal/CompositePattern/cmake-build-debug/CMakeFiles/CMakeError.log".
